<?xml version="1.0" encoding="UTF-8"?>
<!-- Generated by org.testng.reporters.JUnitReportReporter -->
<testsuite hostname="LAPTOP-EOL80IFI" failures="0" tests="8" name="searchProduct.SearhIProduct" time="150.043" errors="0" timestamp="2025-08-10T20:11:56 IST" skipped="0">
  <testcase classname="searchProduct.SearhIProduct" name="setUp" time="8.811"/>
  <testcase classname="searchProduct.SearhIProduct" name="login" time="16.578"/>
  <testcase classname="searchProduct.SearhIProduct" name="orderProduct" time="25.241"/>
  <testcase classname="searchProduct.SearhIProduct" name="kidsProduct" time="24.610"/>
  <testcase classname="searchProduct.SearhIProduct" name="placeOrder" time="16.415"/>
  <testcase classname="searchProduct.SearhIProduct" name="payment" time="17.439"/>
  <testcase classname="searchProduct.SearhIProduct" name="invoice" time="40.365"/>
  <testcase classname="searchProduct.SearhIProduct" name="shutDown" time="0.584"/>
</testsuite> <!-- searchProduct.SearhIProduct -->
