<?xml version="1.0" encoding="UTF-8"?>
<!-- Generated by org.testng.reporters.JUnitReportReporter -->
<testsuite hostname="LAPTOP-EOL80IFI" failures="0" tests="4" name="RegisterUser.NewUser" time="47.636" errors="0" timestamp="2025-08-10T12:38:10 IST" skipped="0">
  <testcase classname="RegisterUser.NewUser" name="setUp" time="23.882"/>
  <testcase classname="RegisterUser.NewUser" name="registeration" time="7.737"/>
  <testcase classname="RegisterUser.NewUser" name="signUp" time="15.574"/>
  <testcase classname="RegisterUser.NewUser" name="shuDownt" time="0.443"/>
</testsuite> <!-- RegisterUser.NewUser -->
