<?xml version="1.0" encoding="UTF-8"?>
<!-- Generated by org.testng.reporters.JUnitReportReporter -->
<testsuite hostname="LAPTOP-EOL80IFI" failures="0" tests="4" name="searchProduct.ContactUs" time="60.385" errors="0" timestamp="2025-08-10T20:34:39 IST" skipped="0">
  <testcase classname="searchProduct.ContactUs" name="setUp" time="13.092"/>
  <testcase classname="searchProduct.ContactUs" name="login" time="10.142"/>
  <testcase classname="searchProduct.ContactUs" name="contact" time="36.651"/>
  <testcase classname="searchProduct.ContactUs" name="shutDown" time="0.500"/>
</testsuite> <!-- searchProduct.ContactUs -->
