<?xml version="1.0" encoding="UTF-8"?>
<!-- Generated by org.testng.reporters.JUnitReportReporter -->
<testsuite hostname="LAPTOP-EOL80IFI" failures="0" tests="1" name="resume.Naukari" time="18.152" errors="0" timestamp="2025-06-06T19:25:37 IST" skipped="0">
  <testcase classname="resume.Naukari" name="update" time="18.152"/>
</testsuite> <!-- resume.Naukari -->
