<?xml version="1.0" encoding="UTF-8"?>
<!-- Generated by org.testng.reporters.JUnitReportReporter -->
<testsuite hostname="LAPTOP-EOL80IFI" failures="0" tests="5" name="RegisterUser.Validation" time="18.884" errors="0" timestamp="2025-08-10T14:18:40 IST" skipped="0">
  <testcase classname="RegisterUser.Validation" name="setUp" time="8.570"/>
  <testcase classname="RegisterUser.Validation" name="login" time="8.282"/>
  <testcase classname="RegisterUser.Validation" name="title" time="0.023"/>
  <testcase classname="RegisterUser.Validation" name="logo" time="1.651"/>
  <testcase classname="RegisterUser.Validation" name="shutDown" time="0.358"/>
</testsuite> <!-- RegisterUser.Validation -->
